Logging properties: ./bin/logging.properties
Jan 29, 2008 4:12:17 PM app.astrosoft.export.AstrosoftExporter$1 run
INFO: XML File: C:\AstroSoft\samples\KAVIYA_Horoscope.xml
Jan 29, 2008 4:12:17 PM app.astrosoft.export.AstrosoftExporter$1 run
INFO: PDF File: C:\AstroSoft\samples\KAVIYA_Horoscope.pdf
Jan 29, 2008 4:12:18 PM app.astrosoft.export.FOPTransformer exportToPDF
INFO: Template File + file:/C:/AstroSoft/deploy/resources/export/horoscope2pdf.xsl
Jan 29, 2008 4:12:22 PM org.apache.fop.fonts.FontInfo notifyFontReplacement
WARNING: Font 'Tahoma,normal,400' not found. Substituting with 'any,normal,400'.
Jan 29, 2008 4:12:22 PM org.apache.fop.fonts.FontInfo notifyFontReplacement
WARNING: Font 'Tahoma,normal,700' not found. Substituting with 'any,normal,700'.
Jan 29, 2008 4:12:22 PM org.apache.fop.layoutmgr.table.TableContentLayoutManager createElementsForRowGroup
WARNING: The contents of row 3 are taller than they should be (there is a block-progression-dimension or height constraint on the indicated row). Due to its contents the row grows to 54400 millipoints, but the row shouldn't get any taller than MinOptMax[min=opt=max=50000] millipoints. (fo:table-row, "Ke")
Jan 29, 2008 4:12:22 PM org.apache.fop.layoutmgr.table.TableContentLayoutManager createElementsForRowGroup
WARNING: The contents of row 3 are taller than they should be (there is a block-progression-dimension or height constraint on the indicated row). Due to its contents the row grows to 54400 millipoints, but the row shouldn't get any taller than MinOptMax[min=opt=max=50000] millipoints. (fo:table-row, "Ma")
Jan 29, 2008 4:12:22 PM org.apache.fop.layoutmgr.PageBreakingAlgorithm updateData2
WARNING: Part/page 0 overflows the available area in block-progression dimension. (fo:static-content, "Horoscope of KAVIYA born on Jul 1 1981 11:34 PM at Chennai")
Jan 29, 2008 4:12:22 PM org.apache.fop.layoutmgr.PageBreakingAlgorithm updateData2
WARNING: Part/page 0 overflows the available area in block-progression dimension. (fo:static-content, "Horoscope generated by Astrosoft (http://astrosoft.sourcefor)
Jan 29, 2008 4:12:23 PM org.apache.fop.layoutmgr.PageBreakingAlgorithm updateData2
WARNING: Part/page 0 overflows the available area in block-progression dimension. (fo:static-content, "Horoscope of KAVIYA born on Jul 1 1981 11:34 PM at Chennai")
Jan 29, 2008 4:12:23 PM org.apache.fop.layoutmgr.PageBreakingAlgorithm updateData2
WARNING: Part/page 0 overflows the available area in block-progression dimension. (fo:static-content, "Horoscope generated by Astrosoft (http://astrosoft.sourcefor)
Jan 29, 2008 4:12:23 PM org.apache.fop.layoutmgr.table.TableContentLayoutManager createElementsForRowGroup
WARNING: The contents of row 3 are taller than they should be (there is a block-progression-dimension or height constraint on the indicated row). Due to its contents the row grows to 54400 millipoints, but the row shouldn't get any taller than MinOptMax[min=opt=max=50000] millipoints. (fo:table-row, "Ke")
Jan 29, 2008 4:12:23 PM org.apache.fop.layoutmgr.table.TableContentLayoutManager createElementsForRowGroup
WARNING: The contents of row 2 are taller than they should be (there is a block-progression-dimension or height constraint on the indicated row). Due to its contents the row grows to 51000 millipoints, but the row shouldn't get any taller than MinOptMax[min=opt=max=50000] millipoints. (fo:table-row, "Hora, Su, Mo, Ju, Ke, Asc, Ve, Sa, Ra")
Jan 29, 2008 4:12:23 PM org.apache.fop.layoutmgr.table.TableContentLayoutManager createElementsForRowGroup
WARNING: The contents of row 3 are taller than they should be (there is a block-progression-dimension or height constraint on the indicated row). Due to its contents the row grows to 54400 millipoints, but the row shouldn't get any taller than MinOptMax[min=opt=max=50000] millipoints. (fo:table-row, "Ma, Me")
Jan 29, 2008 4:12:23 PM org.apache.fop.layoutmgr.table.TableContentLayoutManager createElementsForRowGroup
WARNING: The contents of row 3 are taller than they should be (there is a block-progression-dimension or height constraint on the indicated row). Due to its contents the row grows to 54400 millipoints, but the row shouldn't get any taller than MinOptMax[min=opt=max=50000] millipoints. (fo:table-row, no context info available)
Jan 29, 2008 4:12:23 PM org.apache.fop.layoutmgr.table.TableContentLayoutManager createElementsForRowGroup
WARNING: The contents of row 3 are taller than they should be (there is a block-progression-dimension or height constraint on the indicated row). Due to its contents the row grows to 54400 millipoints, but the row shouldn't get any taller than MinOptMax[min=opt=max=50000] millipoints. (fo:table-row, "Ke")
Jan 29, 2008 4:12:23 PM org.apache.fop.layoutmgr.table.TableContentLayoutManager createElementsForRowGroup
WARNING: The contents of row 3 are taller than they should be (there is a block-progression-dimension or height constraint on the indicated row). Due to its contents the row grows to 54400 millipoints, but the row shouldn't get any taller than MinOptMax[min=opt=max=50000] millipoints. (fo:table-row, "Ma, Ke")
Jan 29, 2008 4:12:23 PM org.apache.fop.layoutmgr.table.TableContentLayoutManager createElementsForRowGroup
WARNING: The contents of row 3 are taller than they should be (there is a block-progression-dimension or height constraint on the indicated row). Due to its contents the row grows to 54400 millipoints, but the row shouldn't get any taller than MinOptMax[min=opt=max=50000] millipoints. (fo:table-row, "Ma")
Jan 29, 2008 4:12:23 PM org.apache.fop.layoutmgr.table.TableContentLayoutManager createElementsForRowGroup
WARNING: The contents of row 3 are taller than they should be (there is a block-progression-dimension or height constraint on the indicated row). Due to its contents the row grows to 54400 millipoints, but the row shouldn't get any taller than MinOptMax[min=opt=max=50000] millipoints. (fo:table-row, "Ke")
Jan 29, 2008 4:12:23 PM org.apache.fop.layoutmgr.table.TableContentLayoutManager createElementsForRowGroup
WARNING: The contents of row 3 are taller than they should be (there is a block-progression-dimension or height constraint on the indicated row). Due to its contents the row grows to 54400 millipoints, but the row shouldn't get any taller than MinOptMax[min=opt=max=50000] millipoints. (fo:table-row, no context info available)
Jan 29, 2008 4:12:23 PM org.apache.fop.layoutmgr.table.TableContentLayoutManager createElementsForRowGroup
WARNING: The contents of row 3 are taller than they should be (there is a block-progression-dimension or height constraint on the indicated row). Due to its contents the row grows to 54400 millipoints, but the row shouldn't get any taller than MinOptMax[min=opt=max=50000] millipoints. (fo:table-row, "Ju, Asc")
Jan 29, 2008 4:12:23 PM org.apache.fop.layoutmgr.table.TableContentLayoutManager createElementsForRowGroup
WARNING: The contents of row 3 are taller than they should be (there is a block-progression-dimension or height constraint on the indicated row). Due to its contents the row grows to 54400 millipoints, but the row shouldn't get any taller than MinOptMax[min=opt=max=50000] millipoints. (fo:table-row, "Asc, Sa")
Jan 29, 2008 4:12:23 PM org.apache.fop.layoutmgr.table.TableContentLayoutManager createElementsForRowGroup
WARNING: The contents of row 3 are taller than they should be (there is a block-progression-dimension or height constraint on the indicated row). Due to its contents the row grows to 54400 millipoints, but the row shouldn't get any taller than MinOptMax[min=opt=max=50000] millipoints. (fo:table-row, "Me, Su, Mo, Ke, Ve, Ra")
Jan 29, 2008 4:12:23 PM org.apache.fop.layoutmgr.table.TableContentLayoutManager createElementsForRowGroup
WARNING: The contents of row 3 are taller than they should be (there is a block-progression-dimension or height constraint on the indicated row). Due to its contents the row grows to 54400 millipoints, but the row shouldn't get any taller than MinOptMax[min=opt=max=50000] millipoints. (fo:table-row, "Ju, Ve, Asc, Ra, Ke, Su, Mo")
Jan 29, 2008 4:12:23 PM org.apache.fop.layoutmgr.table.TableContentLayoutManager createElementsForRowGroup
WARNING: The contents of row 3 are taller than they should be (there is a block-progression-dimension or height constraint on the indicated row). Due to its contents the row grows to 54400 millipoints, but the row shouldn't get any taller than MinOptMax[min=opt=max=50000] millipoints. (fo:table-row, "Ve, Ra, Asc")
Jan 29, 2008 4:12:23 PM org.apache.fop.layoutmgr.table.TableContentLayoutManager createElementsForRowGroup
WARNING: The contents of row 3 are taller than they should be (there is a block-progression-dimension or height constraint on the indicated row). Due to its contents the row grows to 54400 millipoints, but the row shouldn't get any taller than MinOptMax[min=opt=max=50000] millipoints. (fo:table-row, "Su, Ra, Ke, Asc")
Jan 29, 2008 4:12:23 PM org.apache.fop.layoutmgr.table.TableContentLayoutManager createElementsForRowGroup
WARNING: The contents of row 3 are taller than they should be (there is a block-progression-dimension or height constraint on the indicated row). Due to its contents the row grows to 54400 millipoints, but the row shouldn't get any taller than MinOptMax[min=opt=max=50000] millipoints. (fo:table-row, "Mo")
Jan 29, 2008 4:12:23 PM org.apache.fop.layoutmgr.table.TableContentLayoutManager createElementsForRowGroup
WARNING: The contents of row 3 are taller than they should be (there is a block-progression-dimension or height constraint on the indicated row). Due to its contents the row grows to 54400 millipoints, but the row shouldn't get any taller than MinOptMax[min=opt=max=50000] millipoints. (fo:table-row, no context info available)
Jan 29, 2008 4:12:24 PM org.apache.fop.layoutmgr.table.TableContentLayoutManager createElementsForRowGroup
WARNING: The contents of row 4 are taller than they should be (there is a block-progression-dimension or height constraint on the indicated row). Due to its contents the row grows to 51000 millipoints, but the row shouldn't get any taller than MinOptMax[min=opt=max=50000] millipoints. (fo:table-row, "Su, Mo, Ma, Ju, Ve, Ke, Asc, Sa, Ra")
Jan 29, 2008 4:12:24 PM org.apache.fop.layoutmgr.table.TableContentLayoutManager createElementsForRowGroup
WARNING: The contents of row 3 are taller than they should be (there is a block-progression-dimension or height constraint on the indicated row). Due to its contents the row grows to 54400 millipoints, but the row shouldn't get any taller than MinOptMax[min=opt=max=50000] millipoints. (fo:table-row, no context info available)
Jan 29, 2008 4:12:24 PM org.apache.fop.layoutmgr.table.TableContentLayoutManager createElementsForRowGroup
WARNING: The contents of row 3 are taller than they should be (there is a block-progression-dimension or height constraint on the indicated row). Due to its contents the row grows to 54400 millipoints, but the row shouldn't get any taller than MinOptMax[min=opt=max=50000] millipoints. (fo:table-row, no context info available)
Jan 29, 2008 4:12:24 PM org.apache.fop.layoutmgr.table.TableContentLayoutManager createElementsForRowGroup
WARNING: The contents of row 4 are taller than they should be (there is a block-progression-dimension or height constraint on the indicated row). Due to its contents the row grows to 51000 millipoints, but the row shouldn't get any taller than MinOptMax[min=opt=max=50000] millipoints. (fo:table-row, "Su, Mo, Ma, Ju, Ve, Ke, Asc, Sa, Ra")
Jan 29, 2008 4:12:24 PM org.apache.fop.layoutmgr.table.TableContentLayoutManager createElementsForRowGroup
WARNING: The contents of row 3 are taller than they should be (there is a block-progression-dimension or height constraint on the indicated row). Due to its contents the row grows to 54400 millipoints, but the row shouldn't get any taller than MinOptMax[min=opt=max=50000] millipoints. (fo:table-row, no context info available)
Jan 29, 2008 4:12:24 PM org.apache.fop.layoutmgr.table.TableContentLayoutManager createElementsForRowGroup
WARNING: The contents of row 4 are taller than they should be (there is a block-progression-dimension or height constraint on the indicated row). Due to its contents the row grows to 51000 millipoints, but the row shouldn't get any taller than MinOptMax[min=opt=max=50000] millipoints. (fo:table-row, "Ju, Ve, Ke, Asc, Sa, Ra")
Jan 29, 2008 4:12:24 PM org.apache.fop.layoutmgr.table.TableContentLayoutManager createElementsForRowGroup
WARNING: The contents of row 3 are taller than they should be (there is a block-progression-dimension or height constraint on the indicated row). Due to its contents the row grows to 54400 millipoints, but the row shouldn't get any taller than MinOptMax[min=opt=max=50000] millipoints. (fo:table-row, no context info available)
Jan 29, 2008 4:12:24 PM org.apache.fop.layoutmgr.table.TableContentLayoutManager createElementsForRowGroup
WARNING: The contents of row 3 are taller than they should be (there is a block-progression-dimension or height constraint on the indicated row). Due to its contents the row grows to 54400 millipoints, but the row shouldn't get any taller than MinOptMax[min=opt=max=50000] millipoints. (fo:table-row, "Ra, Ke, Asc")
Jan 29, 2008 4:12:24 PM org.apache.fop.layoutmgr.PageBreakingAlgorithm updateData2
WARNING: Part/page 0 overflows the available area in block-progression dimension. (fo:static-content, "Horoscope of KAVIYA born on Jul 1 1981 11:34 PM at Chennai")
Jan 29, 2008 4:12:24 PM org.apache.fop.layoutmgr.PageBreakingAlgorithm updateData2
WARNING: Part/page 0 overflows the available area in block-progression dimension. (fo:static-content, "Horoscope generated by Astrosoft (http://astrosoft.sourcefor)
Jan 29, 2008 4:12:24 PM org.apache.fop.layoutmgr.PageBreakingAlgorithm updateData2
WARNING: Part/page 0 overflows the available area in block-progression dimension. (fo:static-content, "Horoscope of KAVIYA born on Jul 1 1981 11:34 PM at Chennai")
Jan 29, 2008 4:12:24 PM org.apache.fop.layoutmgr.PageBreakingAlgorithm updateData2
WARNING: Part/page 0 overflows the available area in block-progression dimension. (fo:static-content, "Horoscope generated by Astrosoft (http://astrosoft.sourcefor)
Jan 29, 2008 4:12:24 PM org.apache.fop.layoutmgr.PageBreakingAlgorithm updateData2
WARNING: Part/page 0 overflows the available area in block-progression dimension. (fo:static-content, "Horoscope of KAVIYA born on Jul 1 1981 11:34 PM at Chennai")
Jan 29, 2008 4:12:24 PM org.apache.fop.layoutmgr.PageBreakingAlgorithm updateData2
WARNING: Part/page 0 overflows the available area in block-progression dimension. (fo:static-content, "Horoscope generated by Astrosoft (http://astrosoft.sourcefor)
Jan 29, 2008 4:12:24 PM org.apache.fop.layoutmgr.PageBreakingAlgorithm updateData2
WARNING: Part/page 0 overflows the available area in block-progression dimension. (fo:static-content, "Horoscope of KAVIYA born on Jul 1 1981 11:34 PM at Chennai")
Jan 29, 2008 4:12:24 PM org.apache.fop.layoutmgr.PageBreakingAlgorithm updateData2
WARNING: Part/page 0 overflows the available area in block-progression dimension. (fo:static-content, "Horoscope generated by Astrosoft (http://astrosoft.sourcefor)
Jan 29, 2008 4:12:24 PM org.apache.fop.layoutmgr.table.TableContentLayoutManager createElementsForRowGroup
WARNING: The contents of row 3 are taller than they should be (there is a block-progression-dimension or height constraint on the indicated row). Due to its contents the row grows to 43000 millipoints, but the row shouldn't get any taller than MinOptMax[min=opt=max=21000] millipoints. (fo:table-row, "5, 4")
Jan 29, 2008 4:12:24 PM org.apache.fop.layoutmgr.table.TableContentLayoutManager createElementsForRowGroup
WARNING: The contents of row 3 are taller than they should be (there is a block-progression-dimension or height constraint on the indicated row). Due to its contents the row grows to 43000 millipoints, but the row shouldn't get any taller than MinOptMax[min=opt=max=21000] millipoints. (fo:table-row, "6, 5")
Jan 29, 2008 4:12:24 PM org.apache.fop.layoutmgr.table.TableContentLayoutManager createElementsForRowGroup
WARNING: The contents of row 3 are taller than they should be (there is a block-progression-dimension or height constraint on the indicated row). Due to its contents the row grows to 43000 millipoints, but the row shouldn't get any taller than MinOptMax[min=opt=max=21000] millipoints. (fo:table-row, "1, 6")
Jan 29, 2008 4:12:25 PM org.apache.fop.layoutmgr.table.TableContentLayoutManager createElementsForRowGroup
WARNING: The contents of row 3 are taller than they should be (there is a block-progression-dimension or height constraint on the indicated row). Due to its contents the row grows to 49000 millipoints, but the row shouldn't get any taller than MinOptMax[min=opt=max=21000] millipoints. (fo:table-row, "3, 5")
Jan 29, 2008 4:12:25 PM org.apache.fop.layoutmgr.table.TableContentLayoutManager createElementsForRowGroup
WARNING: The contents of row 3 are taller than they should be (there is a block-progression-dimension or height constraint on the indicated row). Due to its contents the row grows to 43000 millipoints, but the row shouldn't get any taller than MinOptMax[min=opt=max=21000] millipoints. (fo:table-row, "3, 0")
Jan 29, 2008 4:12:25 PM org.apache.fop.layoutmgr.table.TableContentLayoutManager createElementsForRowGroup
WARNING: The contents of row 3 are taller than they should be (there is a block-progression-dimension or height constraint on the indicated row). Due to its contents the row grows to 43000 millipoints, but the row shouldn't get any taller than MinOptMax[min=opt=max=21000] millipoints. (fo:table-row, "4, 0")
Jan 29, 2008 4:12:25 PM org.apache.fop.layoutmgr.table.TableContentLayoutManager createElementsForRowGroup
WARNING: The contents of row 3 are taller than they should be (there is a block-progression-dimension or height constraint on the indicated row). Due to its contents the row grows to 43000 millipoints, but the row shouldn't get any taller than MinOptMax[min=opt=max=21000] millipoints. (fo:table-row, "0, 2")
Jan 29, 2008 4:12:25 PM org.apache.fop.layoutmgr.table.TableContentLayoutManager createElementsForRowGroup
WARNING: The contents of row 3 are taller than they should be (there is a block-progression-dimension or height constraint on the indicated row). Due to its contents the row grows to 43000 millipoints, but the row shouldn't get any taller than MinOptMax[min=opt=max=21000] millipoints. (fo:table-row, "0, 2")
Jan 29, 2008 4:12:25 PM org.apache.fop.layoutmgr.table.TableContentLayoutManager createElementsForRowGroup
WARNING: The contents of row 3 are taller than they should be (there is a block-progression-dimension or height constraint on the indicated row). Due to its contents the row grows to 43000 millipoints, but the row shouldn't get any taller than MinOptMax[min=opt=max=21000] millipoints. (fo:table-row, "0, 0")
Jan 29, 2008 4:12:25 PM org.apache.fop.layoutmgr.table.TableContentLayoutManager createElementsForRowGroup
WARNING: The contents of row 3 are taller than they should be (there is a block-progression-dimension or height constraint on the indicated row). Due to its contents the row grows to 43000 millipoints, but the row shouldn't get any taller than MinOptMax[min=opt=max=21000] millipoints. (fo:table-row, "4, 0")
Jan 29, 2008 4:12:25 PM org.apache.fop.layoutmgr.table.TableContentLayoutManager createElementsForRowGroup
WARNING: The contents of row 3 are taller than they should be (there is a block-progression-dimension or height constraint on the indicated row). Due to its contents the row grows to 43000 millipoints, but the row shouldn't get any taller than MinOptMax[min=opt=max=21000] millipoints. (fo:table-row, "0, 2")
Jan 29, 2008 4:12:25 PM org.apache.fop.layoutmgr.table.TableContentLayoutManager createElementsForRowGroup
WARNING: The contents of row 3 are taller than they should be (there is a block-progression-dimension or height constraint on the indicated row). Due to its contents the row grows to 43000 millipoints, but the row shouldn't get any taller than MinOptMax[min=opt=max=21000] millipoints. (fo:table-row, "0, 2")
Jan 29, 2008 4:12:25 PM org.apache.fop.layoutmgr.table.TableContentLayoutManager createElementsForRowGroup
WARNING: The contents of row 3 are taller than they should be (there is a block-progression-dimension or height constraint on the indicated row). Due to its contents the row grows to 43000 millipoints, but the row shouldn't get any taller than MinOptMax[min=opt=max=21000] millipoints. (fo:table-row, "3, 5")
Jan 29, 2008 4:12:25 PM org.apache.fop.layoutmgr.table.TableContentLayoutManager createElementsForRowGroup
WARNING: The contents of row 3 are taller than they should be (there is a block-progression-dimension or height constraint on the indicated row). Due to its contents the row grows to 43000 millipoints, but the row shouldn't get any taller than MinOptMax[min=opt=max=21000] millipoints. (fo:table-row, "6, 3")
Jan 29, 2008 4:12:25 PM org.apache.fop.layoutmgr.table.TableContentLayoutManager createElementsForRowGroup
WARNING: The contents of row 3 are taller than they should be (there is a block-progression-dimension or height constraint on the indicated row). Due to its contents the row grows to 43000 millipoints, but the row shouldn't get any taller than MinOptMax[min=opt=max=21000] millipoints. (fo:table-row, "5, 3")
Jan 29, 2008 4:12:25 PM org.apache.fop.layoutmgr.inline.LineLayoutManager$LineBreakingAlgorithm updateData2
WARNING: Line 1 of a paragraph overflows the available area. (fo:block, "SarvaAshtavarga")
Jan 29, 2008 4:12:25 PM org.apache.fop.layoutmgr.table.TableContentLayoutManager createElementsForRowGroup
WARNING: The contents of row 3 are taller than they should be (there is a block-progression-dimension or height constraint on the indicated row). Due to its contents the row grows to 43000 millipoints, but the row shouldn't get any taller than MinOptMax[min=opt=max=21000] millipoints. (fo:table-row, "29, 31")
Jan 29, 2008 4:12:25 PM org.apache.fop.layoutmgr.table.TableContentLayoutManager createElementsForRowGroup
WARNING: The contents of row 3 are taller than they should be (there is a block-progression-dimension or height constraint on the indicated row). Due to its contents the row grows to 43000 millipoints, but the row shouldn't get any taller than MinOptMax[min=opt=max=21000] millipoints. (fo:table-row, "1, 0")
Jan 29, 2008 4:12:25 PM org.apache.fop.layoutmgr.table.TableContentLayoutManager createElementsForRowGroup
WARNING: The contents of row 3 are taller than they should be (there is a block-progression-dimension or height constraint on the indicated row). Due to its contents the row grows to 43000 millipoints, but the row shouldn't get any taller than MinOptMax[min=opt=max=21000] millipoints. (fo:table-row, "3, 2")
Jan 29, 2008 4:12:25 PM org.apache.fop.layoutmgr.table.TableContentLayoutManager createElementsForRowGroup
WARNING: The contents of row 3 are taller than they should be (there is a block-progression-dimension or height constraint on the indicated row). Due to its contents the row grows to 43000 millipoints, but the row shouldn't get any taller than MinOptMax[min=opt=max=21000] millipoints. (fo:table-row, "3, 0")
Jan 29, 2008 4:12:25 PM org.apache.fop.layoutmgr.table.TableContentLayoutManager createElementsForRowGroup
WARNING: The contents of row 3 are taller than they should be (there is a block-progression-dimension or height constraint on the indicated row). Due to its contents the row grows to 43000 millipoints, but the row shouldn't get any taller than MinOptMax[min=opt=max=21000] millipoints. (fo:table-row, "2, 6")
Jan 29, 2008 4:12:25 PM org.apache.fop.layoutmgr.table.TableContentLayoutManager createElementsForRowGroup
WARNING: The contents of row 3 are taller than they should be (there is a block-progression-dimension or height constraint on the indicated row). Due to its contents the row grows to 43000 millipoints, but the row shouldn't get any taller than MinOptMax[min=opt=max=21000] millipoints. (fo:table-row, "1, 0")
Jan 29, 2008 4:12:25 PM org.apache.fop.layoutmgr.table.TableContentLayoutManager createElementsForRowGroup
WARNING: The contents of row 3 are taller than they should be (there is a block-progression-dimension or height constraint on the indicated row). Due to its contents the row grows to 43000 millipoints, but the row shouldn't get any taller than MinOptMax[min=opt=max=21000] millipoints. (fo:table-row, "3, 2")
Jan 29, 2008 4:12:25 PM org.apache.fop.layoutmgr.table.TableContentLayoutManager createElementsForRowGroup
WARNING: The contents of row 3 are taller than they should be (there is a block-progression-dimension or height constraint on the indicated row). Due to its contents the row grows to 43000 millipoints, but the row shouldn't get any taller than MinOptMax[min=opt=max=21000] millipoints. (fo:table-row, "0, 0")
Jan 29, 2008 4:12:25 PM org.apache.fop.layoutmgr.table.TableContentLayoutManager createElementsForRowGroup
WARNING: The contents of row 3 are taller than they should be (there is a block-progression-dimension or height constraint on the indicated row). Due to its contents the row grows to 43000 millipoints, but the row shouldn't get any taller than MinOptMax[min=opt=max=21000] millipoints. (fo:table-row, "2, 6")
Jan 29, 2008 4:12:25 PM org.apache.fop.layoutmgr.PageBreakingAlgorithm updateData2
WARNING: Part/page 0 overflows the available area in block-progression dimension. (fo:static-content, "Horoscope of KAVIYA born on Jul 1 1981 11:34 PM at Chennai")
Jan 29, 2008 4:12:25 PM org.apache.fop.layoutmgr.PageBreakingAlgorithm updateData2
WARNING: Part/page 0 overflows the available area in block-progression dimension. (fo:static-content, "Horoscope generated by Astrosoft (http://astrosoft.sourcefor)
Jan 29, 2008 4:12:25 PM org.apache.fop.layoutmgr.PageBreakingAlgorithm updateData2
WARNING: Part/page 0 overflows the available area in block-progression dimension. (fo:static-content, "Horoscope of KAVIYA born on Jul 1 1981 11:34 PM at Chennai")
Jan 29, 2008 4:12:25 PM org.apache.fop.layoutmgr.PageBreakingAlgorithm updateData2
WARNING: Part/page 0 overflows the available area in block-progression dimension. (fo:static-content, "Horoscope generated by Astrosoft (http://astrosoft.sourcefor)
Jan 29, 2008 4:12:25 PM org.apache.fop.layoutmgr.PageBreakingAlgorithm updateData2
WARNING: Part/page 0 overflows the available area in block-progression dimension. (fo:static-content, "Horoscope of KAVIYA born on Jul 1 1981 11:34 PM at Chennai")
Jan 29, 2008 4:12:25 PM org.apache.fop.layoutmgr.PageBreakingAlgorithm updateData2
WARNING: Part/page 0 overflows the available area in block-progression dimension. (fo:static-content, "Horoscope generated by Astrosoft (http://astrosoft.sourcefor)
Jan 29, 2008 4:12:26 PM org.apache.fop.layoutmgr.PageBreakingAlgorithm updateData2
WARNING: Part/page 0 overflows the available area in block-progression dimension. (fo:static-content, "Horoscope of KAVIYA born on Jul 1 1981 11:34 PM at Chennai")
Jan 29, 2008 4:12:26 PM org.apache.fop.layoutmgr.PageBreakingAlgorithm updateData2
WARNING: Part/page 0 overflows the available area in block-progression dimension. (fo:static-content, "Horoscope generated by Astrosoft (http://astrosoft.sourcefor)
Jan 29, 2008 4:12:27 PM org.apache.fop.layoutmgr.PageBreakingAlgorithm updateData2
WARNING: Part/page 0 overflows the available area in block-progression dimension. (fo:static-content, "Horoscope of KAVIYA born on Jul 1 1981 11:34 PM at Chennai")
Jan 29, 2008 4:12:27 PM org.apache.fop.layoutmgr.PageBreakingAlgorithm updateData2
WARNING: Part/page 0 overflows the available area in block-progression dimension. (fo:static-content, "Horoscope generated by Astrosoft (http://astrosoft.sourcefor)
Jan 29, 2008 4:12:27 PM org.apache.fop.layoutmgr.PageBreakingAlgorithm updateData2
WARNING: Part/page 0 overflows the available area in block-progression dimension. (fo:static-content, "Horoscope of KAVIYA born on Jul 1 1981 11:34 PM at Chennai")
Jan 29, 2008 4:12:27 PM org.apache.fop.layoutmgr.PageBreakingAlgorithm updateData2
WARNING: Part/page 0 overflows the available area in block-progression dimension. (fo:static-content, "Horoscope generated by Astrosoft (http://astrosoft.sourcefor)
Jan 29, 2008 4:12:28 PM org.apache.fop.layoutmgr.PageBreakingAlgorithm updateData2
WARNING: Part/page 0 overflows the available area in block-progression dimension. (fo:static-content, "Horoscope of KAVIYA born on Jul 1 1981 11:34 PM at Chennai")
Jan 29, 2008 4:12:28 PM org.apache.fop.layoutmgr.PageBreakingAlgorithm updateData2
WARNING: Part/page 0 overflows the available area in block-progression dimension. (fo:static-content, "Horoscope generated by Astrosoft (http://astrosoft.sourcefor)
Jan 29, 2008 4:12:28 PM org.apache.fop.layoutmgr.PageBreakingAlgorithm updateData2
WARNING: Part/page 0 overflows the available area in block-progression dimension. (fo:static-content, "Horoscope of KAVIYA born on Jul 1 1981 11:34 PM at Chennai")
Jan 29, 2008 4:12:28 PM org.apache.fop.layoutmgr.PageBreakingAlgorithm updateData2
WARNING: Part/page 0 overflows the available area in block-progression dimension. (fo:static-content, "Horoscope generated by Astrosoft (http://astrosoft.sourcefor)
Jan 29, 2008 4:12:28 PM org.apache.fop.layoutmgr.PageBreakingAlgorithm updateData2
WARNING: Part/page 0 overflows the available area in block-progression dimension. (fo:static-content, "Horoscope of KAVIYA born on Jul 1 1981 11:34 PM at Chennai")
Jan 29, 2008 4:12:28 PM org.apache.fop.layoutmgr.PageBreakingAlgorithm updateData2
WARNING: Part/page 0 overflows the available area in block-progression dimension. (fo:static-content, "Horoscope generated by Astrosoft (http://astrosoft.sourcefor)
Jan 29, 2008 4:12:28 PM org.apache.fop.layoutmgr.PageBreakingAlgorithm updateData2
WARNING: Part/page 0 overflows the available area in block-progression dimension. (fo:static-content, "Horoscope of KAVIYA born on Jul 1 1981 11:34 PM at Chennai")
Jan 29, 2008 4:12:28 PM org.apache.fop.layoutmgr.PageBreakingAlgorithm updateData2
WARNING: Part/page 0 overflows the available area in block-progression dimension. (fo:static-content, "Horoscope generated by Astrosoft (http://astrosoft.sourcefor)
Jan 29, 2008 4:12:28 PM org.apache.fop.layoutmgr.PageBreakingAlgorithm updateData2
WARNING: Part/page 0 overflows the available area in block-progression dimension. (fo:static-content, "Horoscope of KAVIYA born on Jul 1 1981 11:34 PM at Chennai")
Jan 29, 2008 4:12:28 PM org.apache.fop.layoutmgr.PageBreakingAlgorithm updateData2
WARNING: Part/page 0 overflows the available area in block-progression dimension. (fo:static-content, "Horoscope generated by Astrosoft (http://astrosoft.sourcefor)
Jan 29, 2008 4:12:28 PM org.apache.fop.layoutmgr.PageBreakingAlgorithm updateData2
WARNING: Part/page 0 overflows the available area in block-progression dimension. (fo:static-content, "Horoscope of KAVIYA born on Jul 1 1981 11:34 PM at Chennai")
Jan 29, 2008 4:12:29 PM org.apache.fop.layoutmgr.PageBreakingAlgorithm updateData2
WARNING: Part/page 0 overflows the available area in block-progression dimension. (fo:static-content, "Horoscope generated by Astrosoft (http://astrosoft.sourcefor)
Jan 29, 2008 4:12:29 PM org.apache.fop.layoutmgr.PageBreakingAlgorithm updateData2
WARNING: Part/page 0 overflows the available area in block-progression dimension. (fo:static-content, "Horoscope of KAVIYA born on Jul 1 1981 11:34 PM at Chennai")
Jan 29, 2008 4:12:29 PM org.apache.fop.layoutmgr.PageBreakingAlgorithm updateData2
WARNING: Part/page 0 overflows the available area in block-progression dimension. (fo:static-content, "Horoscope generated by Astrosoft (http://astrosoft.sourcefor)
